<?xml version="1.0" encoding="UTF-8"?>
<!-- Generated by org.testng.reporters.JUnitReportReporter -->
<testsuite skipped="0" hostname="Chetuiwk1258" name="com.api.testcases.CreateEmployeeTest" tests="1" failures="0" timestamp="31 Mar 2020 15:58:49 GMT" time="1.644" errors="0">
  <testcase name="verifycreateUser" time="1.644" classname="com.api.testcases.CreateEmployeeTest"/>
</testsuite> <!-- com.api.testcases.CreateEmployeeTest -->
