<?xml version="1.0" encoding="UTF-8"?>
<!-- Generated by org.testng.reporters.JUnitReportReporter -->
<testsuite skipped="0" hostname="Chetuiwk1258" name="restassured.AuthorApi" tests="3" failures="0" timestamp="02 Mar 2020 09:27:13 GMT" time="4.975" errors="0">
  <testcase name="verifyresponse" time="2.930" classname="restassured.AuthorApi"/>
  <testcase name="verifystatuscode" time="1.001" classname="restassured.AuthorApi"/>
  <testcase name="verifyresponsetime" time="1.044" classname="restassured.AuthorApi"/>
</testsuite> <!-- restassured.AuthorApi -->
