<?xml version="1.0" encoding="UTF-8"?>
<!-- Generated by org.testng.reporters.JUnitReportReporter -->
<testsuite skipped="0" hostname="Chetuiwk1258" name="restassured.AuthorApi" tests="3" failures="0" timestamp="03 Mar 2020 15:46:38 GMT" time="5.746" errors="0">
  <testcase name="verifyresponse" time="3.374" classname="restassured.AuthorApi"/>
  <testcase name="verifyresponsetime" time="1.189" classname="restassured.AuthorApi"/>
  <testcase name="verifystatuscode" time="1.183" classname="restassured.AuthorApi"/>
</testsuite> <!-- restassured.AuthorApi -->
