<?xml version="1.0" encoding="UTF-8"?>
<!-- Generated by org.testng.reporters.JUnitReportReporter -->
<testsuite skipped="0" hostname="Chetuiwk1258" name="restassured.BasicAuth" tests="1" failures="0" timestamp="03 Mar 2020 15:38:44 GMT" time="1.893" errors="0">
  <testcase name="verifyauth" time="1.893" classname="restassured.BasicAuth"/>
</testsuite> <!-- restassured.BasicAuth -->
