<?xml version="1.0" encoding="UTF-8"?>
<!-- Generated by org.testng.reporters.JUnitReportReporter -->
<testsuite skipped="0" hostname="Chetuiwk1258" name="restassured.PostRest" tests="1" failures="0" timestamp="03 Mar 2020 11:39:29 GMT" time="1.622" errors="0">
  <testcase name="verifypost" time="1.622" classname="restassured.PostRest"/>
</testsuite> <!-- restassured.PostRest -->
