<?xml version="1.0" encoding="UTF-8"?>
<!-- Generated by org.testng.reporters.JUnitReportReporter -->
<testsuite skipped="0" hostname="Chetuiwk1258" name="com.api.testcases.GetEmployeeTest" tests="1" failures="0" timestamp="31 Mar 2020 11:43:42 GMT" time="2.888" errors="0">
  <testcase name="getAllEmployees" time="2.888" classname="com.api.testcases.GetEmployeeTest"/>
</testsuite> <!-- com.api.testcases.GetEmployeeTest -->
