<?xml version="1.0" encoding="UTF-8"?>
<!-- Generated by org.testng.reporters.JUnitReportReporter -->
<testsuite skipped="0" hostname="Chetuiwk1258" name="practise.ProductVerification" tests="1" failures="0" timestamp="20 Feb 2020 14:56:43 GMT" time="31.319" errors="0">
  <testcase name="verifycontactdetails" time="31.319" classname="practise.ProductVerification"/>
</testsuite> <!-- practise.ProductVerification -->
