<?xml version="1.0" encoding="UTF-8"?>
<!-- Generated by org.testng.reporters.JUnitReportReporter -->
<testsuite skipped="0" hostname="Chetuiwk1258" name="practise.EmiLoanAutomate" tests="1" failures="0" timestamp="13 Feb 2020 17:22:18 GMT" time="17.648" errors="0">
  <testcase name="verifyloanemi" time="17.648" classname="practise.EmiLoanAutomate"/>
</testsuite> <!-- practise.EmiLoanAutomate -->
