<?xml version="1.0" encoding="UTF-8"?>
<!-- Generated by org.testng.reporters.JUnitReportReporter -->
<testsuite skipped="0" hostname="Chetuiwk1258" name="practise.ClassicCrmPro" tests="1" failures="0" timestamp="19 Feb 2020 10:51:08 GMT" time="95.840" errors="0">
  <testcase name="verifycontactdetails" time="95.840" classname="practise.ClassicCrmPro"/>
</testsuite> <!-- practise.ClassicCrmPro -->
