<?xml version="1.0" encoding="UTF-8"?>
<!-- Generated by org.testng.reporters.JUnitReportReporter -->
<testsuite skipped="0" hostname="Chetuiwk1258" name="practise.DynamicTest" tests="1" failures="0" timestamp="24 Feb 2020 11:56:06 GMT" time="6.091" errors="0">
  <testcase name="dynamictest" time="6.091" classname="practise.DynamicTest"/>
</testsuite> <!-- practise.DynamicTest -->
