<?xml version="1.0" encoding="UTF-8"?>
<!-- Generated by org.testng.reporters.JUnitReportReporter -->
<testsuite skipped="0" hostname="Chetuiwk1258" name="practise.PageLoadingVerification" tests="1" failures="0" timestamp="22 Feb 2020 11:24:57 GMT" time="40.892" errors="0">
  <testcase name="verifypageload" time="40.892" classname="practise.PageLoadingVerification"/>
</testsuite> <!-- practise.PageLoadingVerification -->
