<?xml version="1.0" encoding="UTF-8"?>
<!-- Generated by org.testng.reporters.JUnitReportReporter -->
<testsuite skipped="0" hostname="Chetuiwk1258" name="practise.HiddenElement" tests="1" failures="0" timestamp="08 Feb 2020 13:49:11 GMT" time="19.877" errors="0">
  <testcase name="verifyhiddenelment" time="19.877" classname="practise.HiddenElement"/>
</testsuite> <!-- practise.HiddenElement -->
