<?xml version="1.0" encoding="UTF-8"?>
<!-- Generated by org.testng.reporters.JUnitReportReporter -->
<testsuite skipped="0" hostname="Chetuiwk1258" name="practise.ParentChild" tests="1" failures="0" timestamp="28 Feb 2020 12:25:23 GMT" time="10.277" errors="0">
  <testcase name="f" time="10.277" classname="practise.ParentChild"/>
</testsuite> <!-- practise.ParentChild -->
