<?xml version="1.0" encoding="UTF-8"?>
<!-- Generated by org.testng.reporters.JUnitReportReporter -->
<testsuite skipped="0" hostname="Chetuiwk1258" name="com.amazon.Test.AmazonProductDetailTest" tests="1" failures="0" timestamp="04 Feb 2020 11:19:00 GMT" time="79.555" errors="0">
  <testcase name="verifyproductaddtocart" time="79.555" classname="com.amazon.Test.AmazonProductDetailTest"/>
</testsuite> <!-- com.amazon.Test.AmazonProductDetailTest -->
