<?xml version="1.0" encoding="UTF-8"?>
<!-- Generated by org.testng.reporters.JUnitReportReporter -->
<testsuite skipped="1" hostname="Chetuiwk1258" name="com.amazon.Test.AmazonDashboardTest" tests="2" failures="0" timestamp="04 Feb 2020 11:19:00 GMT" time="23.639" errors="0">
  <testcase name="verifysearchproduct" time="23.639" classname="com.amazon.Test.AmazonDashboardTest"/>
  <testcase name="verifyloginpage" classname="com.amazon.Test.AmazonDashboardTest">
    <skipped/>
  </testcase> <!-- verifyloginpage -->
</testsuite> <!-- com.amazon.Test.AmazonDashboardTest -->
