<?xml version="1.0" encoding="UTF-8"?>
<!-- Generated by org.testng.reporters.JUnitReportReporter -->
<testsuite skipped="0" hostname="Chetuiwk1258" name="com.amazon.Test.AmazonProductListTest" tests="1" failures="0" timestamp="04 Feb 2020 11:19:00 GMT" time="58.499" errors="0">
  <testcase name="verifyproductselection" time="58.499" classname="com.amazon.Test.AmazonProductListTest"/>
</testsuite> <!-- com.amazon.Test.AmazonProductListTest -->
