<?xml version="1.0" encoding="UTF-8"?>
<!-- Generated by org.testng.reporters.JUnitReportReporter -->
<testsuite skipped="0" hostname="Chetuiwk1258" name="com.amazon.Test.AmazonAddToCartTest" tests="1" failures="0" timestamp="04 Feb 2020 11:19:00 GMT" time="75.832" errors="0">
  <testcase name="verfiyproductdetails" time="75.832" classname="com.amazon.Test.AmazonAddToCartTest"/>
</testsuite> <!-- com.amazon.Test.AmazonAddToCartTest -->
